Determining if the pthread_create exist failed with the following output:
Change Dir: /home/mech-user/pp8_ws/build/jsk_rosbag_tools/CMakeFiles/CMakeTmp

Run Build Command:"/usr/bin/make" "cmTC_ba02c/fast"
/usr/bin/make -f CMakeFiles/cmTC_ba02c.dir/build.make CMakeFiles/cmTC_ba02c.dir/build
make[1]: Entering directory '/home/mech-user/pp8_ws/build/jsk_rosbag_tools/CMakeFiles/CMakeTmp'
Building C object CMakeFiles/cmTC_ba02c.dir/CheckSymbolExists.c.o
/usr/bin/cc    -o CMakeFiles/cmTC_ba02c.dir/CheckSymbolExists.c.o   -c /home/mech-user/pp8_ws/build/jsk_rosbag_tools/CMakeFiles/CMakeTmp/CheckSymbolExists.c
Linking C executable cmTC_ba02c
/usr/bin/cmake -E cmake_link_script CMakeFiles/cmTC_ba02c.dir/link.txt --verbose=1
/usr/bin/cc      -rdynamic CMakeFiles/cmTC_ba02c.dir/CheckSymbolExists.c.o  -o cmTC_ba02c 
CMakeFiles/cmTC_ba02c.dir/CheckSymbolExists.c.o: In function `main':
CheckSymbolExists.c:(.text+0x1b): undefined reference to `pthread_create'
collect2: error: ld returned 1 exit status
CMakeFiles/cmTC_ba02c.dir/build.make:97: recipe for target 'cmTC_ba02c' failed
make[1]: *** [cmTC_ba02c] Error 1
make[1]: Leaving directory '/home/mech-user/pp8_ws/build/jsk_rosbag_tools/CMakeFiles/CMakeTmp'
Makefile:126: recipe for target 'cmTC_ba02c/fast' failed
make: *** [cmTC_ba02c/fast] Error 2

File /home/mech-user/pp8_ws/build/jsk_rosbag_tools/CMakeFiles/CMakeTmp/CheckSymbolExists.c:
/* */
#include <pthread.h>

int main(int argc, char** argv)
{
  (void)argv;
#ifndef pthread_create
  return ((int*)(&pthread_create))[argc];
#else
  (void)argc;
  return 0;
#endif
}

Determining if the function pthread_create exists in the pthreads failed with the following output:
Change Dir: /home/mech-user/pp8_ws/build/jsk_rosbag_tools/CMakeFiles/CMakeTmp

Run Build Command:"/usr/bin/make" "cmTC_b9583/fast"
/usr/bin/make -f CMakeFiles/cmTC_b9583.dir/build.make CMakeFiles/cmTC_b9583.dir/build
make[1]: Entering directory '/home/mech-user/pp8_ws/build/jsk_rosbag_tools/CMakeFiles/CMakeTmp'
Building C object CMakeFiles/cmTC_b9583.dir/CheckFunctionExists.c.o
/usr/bin/cc   -DCHECK_FUNCTION_EXISTS=pthread_create   -o CMakeFiles/cmTC_b9583.dir/CheckFunctionExists.c.o   -c /usr/share/cmake-3.10/Modules/CheckFunctionExists.c
Linking C executable cmTC_b9583
/usr/bin/cmake -E cmake_link_script CMakeFiles/cmTC_b9583.dir/link.txt --verbose=1
/usr/bin/cc  -DCHECK_FUNCTION_EXISTS=pthread_create    -rdynamic CMakeFiles/cmTC_b9583.dir/CheckFunctionExists.c.o  -o cmTC_b9583 -lpthreads 
/usr/bin/ld: cannot find -lpthreads
collect2: error: ld returned 1 exit status
CMakeFiles/cmTC_b9583.dir/build.make:97: recipe for target 'cmTC_b9583' failed
make[1]: *** [cmTC_b9583] Error 1
make[1]: Leaving directory '/home/mech-user/pp8_ws/build/jsk_rosbag_tools/CMakeFiles/CMakeTmp'
Makefile:126: recipe for target 'cmTC_b9583/fast' failed
make: *** [cmTC_b9583/fast] Error 2


