Linked: (/home/mech-user/pp8_ws/devel/.private/pp8/share/gennodejs/ros/pp8/_index.js, /home/mech-user/pp8_ws/devel/share/gennodejs/ros/pp8/_index.js)
Linked: (/home/mech-user/pp8_ws/devel/.private/pp8/share/gennodejs/ros/pp8/msg/DualShock4ButtonState.js, /home/mech-user/pp8_ws/devel/share/gennodejs/ros/pp8/msg/DualShock4ButtonState.js)
Linked: (/home/mech-user/pp8_ws/devel/.private/pp8/share/gennodejs/ros/pp8/msg/DualShock4JoyStickState.js, /home/mech-user/pp8_ws/devel/share/gennodejs/ros/pp8/msg/DualShock4JoyStickState.js)
Linked: (/home/mech-user/pp8_ws/devel/.private/pp8/share/gennodejs/ros/pp8/msg/_index.js, /home/mech-user/pp8_ws/devel/share/gennodejs/ros/pp8/msg/_index.js)
Symlinking /home/mech-user/pp8_ws/devel/share/gennodejs/ros/pp8/msg/DualShock4HatState.js
Linked: (/home/mech-user/pp8_ws/devel/.private/pp8/share/roseus/ros/pp8/manifest.l, /home/mech-user/pp8_ws/devel/share/roseus/ros/pp8/manifest.l)
Linked: (/home/mech-user/pp8_ws/devel/.private/pp8/share/roseus/ros/pp8/msg/DualShock4JoyStickState.l, /home/mech-user/pp8_ws/devel/share/roseus/ros/pp8/msg/DualShock4JoyStickState.l)
Linked: (/home/mech-user/pp8_ws/devel/.private/pp8/share/roseus/ros/pp8/msg/DualShock4ButtonState.l, /home/mech-user/pp8_ws/devel/share/roseus/ros/pp8/msg/DualShock4ButtonState.l)
Symlinking /home/mech-user/pp8_ws/devel/share/roseus/ros/pp8/msg/DualShock4HatState.l
Linked: (/home/mech-user/pp8_ws/devel/.private/pp8/share/common-lisp/ros/pp8/msg/pp8-msg.asd, /home/mech-user/pp8_ws/devel/share/common-lisp/ros/pp8/msg/pp8-msg.asd)
Symlinking /home/mech-user/pp8_ws/devel/share/common-lisp/ros/pp8/msg/DualShock4HatState.lisp
Linked: (/home/mech-user/pp8_ws/devel/.private/pp8/share/common-lisp/ros/pp8/msg/_package_DualShock4JoyStickState.lisp, /home/mech-user/pp8_ws/devel/share/common-lisp/ros/pp8/msg/_package_DualShock4JoyStickState.lisp)
Linked: (/home/mech-user/pp8_ws/devel/.private/pp8/share/common-lisp/ros/pp8/msg/DualShock4JoyStickState.lisp, /home/mech-user/pp8_ws/devel/share/common-lisp/ros/pp8/msg/DualShock4JoyStickState.lisp)
Linked: (/home/mech-user/pp8_ws/devel/.private/pp8/share/common-lisp/ros/pp8/msg/_package.lisp, /home/mech-user/pp8_ws/devel/share/common-lisp/ros/pp8/msg/_package.lisp)
Symlinking /home/mech-user/pp8_ws/devel/share/common-lisp/ros/pp8/msg/_package_DualShock4HatState.lisp
Linked: (/home/mech-user/pp8_ws/devel/.private/pp8/share/common-lisp/ros/pp8/msg/_package_DualShock4ButtonState.lisp, /home/mech-user/pp8_ws/devel/share/common-lisp/ros/pp8/msg/_package_DualShock4ButtonState.lisp)
Linked: (/home/mech-user/pp8_ws/devel/.private/pp8/share/common-lisp/ros/pp8/msg/DualShock4ButtonState.lisp, /home/mech-user/pp8_ws/devel/share/common-lisp/ros/pp8/msg/DualShock4ButtonState.lisp)
Linked: (/home/mech-user/pp8_ws/devel/.private/pp8/share/pp8/cmake/pp8Config.cmake, /home/mech-user/pp8_ws/devel/share/pp8/cmake/pp8Config.cmake)
Linked: (/home/mech-user/pp8_ws/devel/.private/pp8/share/pp8/cmake/pp8Config-version.cmake, /home/mech-user/pp8_ws/devel/share/pp8/cmake/pp8Config-version.cmake)
Linked: (/home/mech-user/pp8_ws/devel/.private/pp8/share/pp8/cmake/pp8-msg-paths.cmake, /home/mech-user/pp8_ws/devel/share/pp8/cmake/pp8-msg-paths.cmake)
Linked: (/home/mech-user/pp8_ws/devel/.private/pp8/share/pp8/cmake/pp8-msg-extras.cmake, /home/mech-user/pp8_ws/devel/share/pp8/cmake/pp8-msg-extras.cmake)
Linked: (/home/mech-user/pp8_ws/devel/.private/pp8/lib/python2.7/dist-packages/pp8/__init__.py, /home/mech-user/pp8_ws/devel/lib/python2.7/dist-packages/pp8/__init__.py)
Linked: (/home/mech-user/pp8_ws/devel/.private/pp8/lib/python2.7/dist-packages/pp8/msg/_DualShock4ButtonState.py, /home/mech-user/pp8_ws/devel/lib/python2.7/dist-packages/pp8/msg/_DualShock4ButtonState.py)
Linked: (/home/mech-user/pp8_ws/devel/.private/pp8/lib/python2.7/dist-packages/pp8/msg/_DualShock4JoyStickState.py, /home/mech-user/pp8_ws/devel/lib/python2.7/dist-packages/pp8/msg/_DualShock4JoyStickState.py)
Linked: (/home/mech-user/pp8_ws/devel/.private/pp8/lib/python2.7/dist-packages/pp8/msg/__init__.py, /home/mech-user/pp8_ws/devel/lib/python2.7/dist-packages/pp8/msg/__init__.py)
Symlinking /home/mech-user/pp8_ws/devel/lib/python2.7/dist-packages/pp8/msg/_DualShock4HatState.py
Linked: (/home/mech-user/pp8_ws/devel/.private/pp8/lib/pkgconfig/pp8.pc, /home/mech-user/pp8_ws/devel/lib/pkgconfig/pp8.pc)
Linked: (/home/mech-user/pp8_ws/devel/.private/pp8/include/pp8/DualShock4JoyStickState.h, /home/mech-user/pp8_ws/devel/include/pp8/DualShock4JoyStickState.h)
Linked: (/home/mech-user/pp8_ws/devel/.private/pp8/include/pp8/DualShock4ButtonState.h, /home/mech-user/pp8_ws/devel/include/pp8/DualShock4ButtonState.h)
Symlinking /home/mech-user/pp8_ws/devel/include/pp8/DualShock4HatState.h
