[  0%] Built target sensor_msgs_generate_messages_py
[  0%] Built target std_msgs_generate_messages_nodejs
[  0%] Built target std_msgs_generate_messages_py
[  0%] Built target geometry_msgs_generate_messages_py
[  0%] Built target sensor_msgs_generate_messages_nodejs
[  0%] Built target geometry_msgs_generate_messages_nodejs
[  0%] Built target geometry_msgs_generate_messages_eus
[  0%] Built target _pp8_generate_messages_check_deps_DualShock4HatState
[  0%] Built target _pp8_generate_messages_check_deps_DualShock4State
[  0%] Built target _pp8_generate_messages_check_deps_DualShock4ButtonState
[  0%] Built target sensor_msgs_generate_messages_eus
[  0%] Built target _pp8_generate_messages_check_deps_DualShock4JoyStickState
[  0%] Built target std_msgs_generate_messages_eus
[  0%] Built target sensor_msgs_generate_messages_lisp
[  0%] Built target std_msgs_generate_messages_cpp
[  0%] Built target std_msgs_generate_messages_lisp
[  0%] Built target geometry_msgs_generate_messages_lisp
[  0%] Built target geometry_msgs_generate_messages_cpp
[  0%] Built target sensor_msgs_generate_messages_cpp
[  4%] [34m[1mGenerating Python from MSG pp8/DualShock4HatState[0m
[  9%] [34m[1mGenerating Python from MSG pp8/DualShock4State[0m
[ 13%] [34m[1mGenerating Python from MSG pp8/DualShock4JoyStickState[0m
[ 18%] [34m[1mGenerating Python from MSG pp8/DualShock4ButtonState[0m
[ 22%] [34m[1mGenerating Javascript code from pp8/DualShock4HatState.msg[0m
[ 27%] [34m[1mGenerating EusLisp code from pp8/DualShock4HatState.msg[0m
[ 31%] [34m[1mGenerating Lisp code from pp8/DualShock4HatState.msg[0m
[ 36%] [34m[1mGenerating C++ code from pp8/DualShock4HatState.msg[0m
[ 45%] [34m[1mGenerating Lisp code from pp8/DualShock4State.msg[0m
[ 45%] [34m[1mGenerating Javascript code from pp8/DualShock4State.msg[0m
[ 50%] [34m[1mGenerating EusLisp code from pp8/DualShock4State.msg[0m
[ 54%] [34m[1mGenerating Lisp code from pp8/DualShock4JoyStickState.msg[0m
[ 59%] [34m[1mGenerating Lisp code from pp8/DualShock4ButtonState.msg[0m
[ 63%] [34m[1mGenerating Javascript code from pp8/DualShock4JoyStickState.msg[0m
[ 68%] [34m[1mGenerating EusLisp code from pp8/DualShock4JoyStickState.msg[0m
[ 72%] [34m[1mGenerating Javascript code from pp8/DualShock4ButtonState.msg[0m
[ 77%] [34m[1mGenerating EusLisp code from pp8/DualShock4ButtonState.msg[0m
[ 81%] [34m[1mGenerating C++ code from pp8/DualShock4State.msg[0m
[ 86%] [34m[1mGenerating Python msg __init__.py for pp8[0m
[ 90%] [34m[1mGenerating C++ code from pp8/DualShock4JoyStickState.msg[0m
[ 95%] [34m[1mGenerating C++ code from pp8/DualShock4ButtonState.msg[0m
[ 95%] Built target pp8_generate_messages_lisp
[ 95%] Built target pp8_generate_messages_nodejs
[100%] Built target pp8_generate_messages_eus
[100%] Built target pp8_generate_messages_py
[100%] Built target pp8_generate_messages_cpp
[100%] Built target pp8_generate_messages
