[35m[1mScanning dependencies of target _pp8_generate_messages_check_deps_DualShock4HatState[0m
[  0%] Built target geometry_msgs_generate_messages_eus
[  0%] Built target geometry_msgs_generate_messages_nodejs
[  0%] Built target geometry_msgs_generate_messages_cpp
[  0%] Built target geometry_msgs_generate_messages_lisp
[  0%] Built target geometry_msgs_generate_messages_py
[  0%] Built target _pp8_generate_messages_check_deps_DualShock4ButtonState
[  0%] Built target _pp8_generate_messages_check_deps_DualShock4HatState
[  0%] Built target _pp8_generate_messages_check_deps_DualShock4JoyStickState
[ 35%] [34m[1mGenerating Python from MSG pp8/DualShock4HatState[0m
[ 35%] [34m[1mGenerating Python from MSG pp8/DualShock4ButtonState[0m
[ 35%] [34m[1mGenerating EusLisp code from pp8/DualShock4HatState.msg[0m
[ 35%] [34m[1mGenerating Javascript code from pp8/DualShock4ButtonState.msg[0m
[ 35%] [34m[1mGenerating EusLisp code from pp8/DualShock4ButtonState.msg[0m
[ 35%] [34m[1mGenerating Javascript code from pp8/DualShock4HatState.msg[0m
[ 41%] [34m[1mGenerating C++ code from pp8/DualShock4HatState.msg[0m
[ 47%] [34m[1mGenerating Lisp code from pp8/DualShock4HatState.msg[0m
[ 52%] [34m[1mGenerating C++ code from pp8/DualShock4ButtonState.msg[0m
[ 58%] Built target pp8_generate_messages_nodejs
[ 64%] [34m[1mGenerating Lisp code from pp8/DualShock4ButtonState.msg[0m
[ 76%] Built target pp8_generate_messages_eus
[ 82%] Built target pp8_generate_messages_lisp
[ 88%] [34m[1mGenerating Python msg __init__.py for pp8[0m
[ 94%] Built target pp8_generate_messages_cpp
[100%] Built target pp8_generate_messages_py
[100%] Built target pp8_generate_messages
