[35m[1mScanning dependencies of target pp8_msgs_generate_messages_nodejs[0m
[35m[1mScanning dependencies of target pp8_msgs_generate_messages_py[0m
[35m[1mScanning dependencies of target std_msgs_generate_messages_py[0m
[35m[1mScanning dependencies of target std_msgs_generate_messages_nodejs[0m
[35m[1mScanning dependencies of target pp8_msgs_generate_messages_eus[0m
[  0%] Built target geometry_msgs_generate_messages_py
[  0%] Built target pp8_msgs_generate_messages_nodejs
[  0%] Built target geometry_msgs_generate_messages_nodejs
[  0%] Built target std_msgs_generate_messages_py
[  0%] Built target pp8_msgs_generate_messages_py
[35m[1mScanning dependencies of target std_msgs_generate_messages_eus[0m
[  0%] Built target pp8_msgs_generate_messages_eus
[  0%] Built target std_msgs_generate_messages_nodejs
[35m[1mScanning dependencies of target std_msgs_generate_messages_lisp[0m
[35m[1mScanning dependencies of target pp8_msgs_generate_messages_lisp[0m
[35m[1mScanning dependencies of target pp8_msgs_generate_messages_cpp[0m
[  0%] Built target std_msgs_generate_messages_eus
[35m[1mScanning dependencies of target std_msgs_generate_messages_cpp[0m
[  0%] Built target pp8_msgs_generate_messages_cpp
[  0%] Built target geometry_msgs_generate_messages_lisp
[  0%] Built target std_msgs_generate_messages_lisp
[  0%] Built target pp8_msgs_generate_messages_lisp
[  0%] Built target geometry_msgs_generate_messages_eus
[  0%] Built target std_msgs_generate_messages_cpp
[  0%] Built target geometry_msgs_generate_messages_cpp
[ 50%] Built target pp8_generate_messages_py
[ 50%] Built target pp8_generate_messages_nodejs
[ 50%] Built target pp8_generate_messages_lisp
[100%] [34m[1mGenerating EusLisp manifest code for pp8[0m
[100%] Built target pp8_generate_messages_cpp
[100%] Built target pp8_generate_messages_eus
[100%] Built target pp8_generate_messages
