[35m[1mScanning dependencies of target _pp8_generate_messages_check_deps_PP8_Status[0m
[  0%] Built target std_msgs_generate_messages_py
[  0%] Built target geometry_msgs_generate_messages_py
[  0%] Built target sensor_msgs_generate_messages_py
[  0%] Built target std_msgs_generate_messages_nodejs
[  0%] Built target sensor_msgs_generate_messages_nodejs
[  0%] Built target _pp8_generate_messages_check_deps_DualShock4ButtonState
[  0%] Built target geometry_msgs_generate_messages_nodejs
[  0%] Built target _pp8_generate_messages_check_deps_DualShock4State
[  0%] Built target _pp8_generate_messages_check_deps_DualShock4JoyStickState
[  0%] Built target _pp8_generate_messages_check_deps_PP8_Status
[  0%] Built target _pp8_generate_messages_check_deps_DualShock4HatState
[  0%] Built target std_msgs_generate_messages_eus
[  0%] Built target geometry_msgs_generate_messages_eus
[  0%] Built target sensor_msgs_generate_messages_eus
[  0%] Built target sensor_msgs_generate_messages_lisp
[  0%] Built target std_msgs_generate_messages_lisp
[  0%] Built target geometry_msgs_generate_messages_lisp
[  0%] Built target std_msgs_generate_messages_cpp
[  0%] Built target geometry_msgs_generate_messages_cpp
[  0%] Built target sensor_msgs_generate_messages_cpp
[  3%] [34m[1mGenerating Lisp code from pp8/DualShock4ButtonState.msg[0m
[  7%] [34m[1mGenerating Lisp code from pp8/PP8_Status.msg[0m
[ 14%] [34m[1mGenerating Javascript code from pp8/DualShock4State.msg[0m
[ 14%] [34m[1mGenerating Lisp code from pp8/DualShock4State.msg[0m
[ 18%] [34m[1mGenerating Javascript code from pp8/PP8_Status.msg[0m
[ 22%] [34m[1mGenerating Python from MSG pp8/DualShock4State[0m
[ 25%] [34m[1mGenerating EusLisp code from pp8/DualShock4State.msg[0m
[ 29%] [34m[1mGenerating EusLisp code from pp8/PP8_Status.msg[0m
[ 33%] [34m[1mGenerating Python from MSG pp8/DualShock4ButtonState[0m
[ 37%] [34m[1mGenerating Python from MSG pp8/PP8_Status[0m
[ 40%] [34m[1mGenerating Javascript code from pp8/DualShock4ButtonState.msg[0m
[ 48%] Built target pp8_generate_messages_lisp
[ 51%] [34m[1mGenerating C++ code from pp8/DualShock4State.msg[0m
[ 55%] [34m[1mGenerating EusLisp code from pp8/DualShock4ButtonState.msg[0m
[ 59%] [34m[1mGenerating C++ code from pp8/PP8_Status.msg[0m
[ 62%] [34m[1mGenerating C++ code from pp8/DualShock4ButtonState.msg[0m
[ 70%] Built target pp8_generate_messages_nodejs
[ 81%] Built target pp8_generate_messages_eus
[ 85%] [34m[1mGenerating Python msg __init__.py for pp8[0m
[ 92%] Built target pp8_generate_messages_cpp
[100%] Built target pp8_generate_messages_py
[100%] Built target pp8_generate_messages
