[  0%] Built target geometry_msgs_generate_messages_py
[  0%] Built target pp8_msgs_generate_messages_py
[  0%] Built target pp8_msgs_generate_messages_nodejs
[  0%] Built target std_msgs_generate_messages_py
[  0%] Built target std_msgs_generate_messages_nodejs
[  0%] Built target geometry_msgs_generate_messages_nodejs
[  0%] Built target pp8_msgs_generate_messages_eus
[  0%] Built target std_msgs_generate_messages_eus
[  0%] Built target geometry_msgs_generate_messages_lisp
[  0%] Built target pp8_msgs_generate_messages_lisp
[  0%] Built target geometry_msgs_generate_messages_eus
[  0%] Built target pp8_msgs_generate_messages_cpp
[  0%] Built target geometry_msgs_generate_messages_cpp
[  0%] Built target std_msgs_generate_messages_cpp
[ 50%] Built target pp8_generate_messages_py
[ 50%] Built target std_msgs_generate_messages_lisp
[ 50%] Built target pp8_generate_messages_nodejs
[100%] Built target pp8_generate_messages_eus
[100%] Built target pp8_generate_messages_cpp
[100%] Built target pp8_generate_messages_lisp
[100%] Built target pp8_generate_messages
