Determining if the pthread_create exist failed with the following output:
Change Dir: /home/mech-user/pp8_ws/build/pp8_msgs/CMakeFiles/CMakeTmp

Run Build Command:"/usr/bin/make" "cmTC_2a231/fast"
/usr/bin/make -f CMakeFiles/cmTC_2a231.dir/build.make CMakeFiles/cmTC_2a231.dir/build
make[1]: ディレクトリ '/home/mech-user/pp8_ws/build/pp8_msgs/CMakeFiles/CMakeTmp' に入ります
Building C object CMakeFiles/cmTC_2a231.dir/CheckSymbolExists.c.o
/usr/bin/cc    -o CMakeFiles/cmTC_2a231.dir/CheckSymbolExists.c.o   -c /home/mech-user/pp8_ws/build/pp8_msgs/CMakeFiles/CMakeTmp/CheckSymbolExists.c
Linking C executable cmTC_2a231
/usr/bin/cmake -E cmake_link_script CMakeFiles/cmTC_2a231.dir/link.txt --verbose=1
/usr/bin/cc      -rdynamic CMakeFiles/cmTC_2a231.dir/CheckSymbolExists.c.o  -o cmTC_2a231 
CMakeFiles/cmTC_2a231.dir/CheckSymbolExists.c.o: 関数 `main' 内:
CheckSymbolExists.c:(.text+0x1b): `pthread_create' に対する定義されていない参照です
collect2: error: ld returned 1 exit status
CMakeFiles/cmTC_2a231.dir/build.make:97: recipe for target 'cmTC_2a231' failed
make[1]: *** [cmTC_2a231] Error 1
make[1]: ディレクトリ '/home/mech-user/pp8_ws/build/pp8_msgs/CMakeFiles/CMakeTmp' から出ます
Makefile:126: recipe for target 'cmTC_2a231/fast' failed
make: *** [cmTC_2a231/fast] Error 2

File /home/mech-user/pp8_ws/build/pp8_msgs/CMakeFiles/CMakeTmp/CheckSymbolExists.c:
/* */
#include <pthread.h>

int main(int argc, char** argv)
{
  (void)argv;
#ifndef pthread_create
  return ((int*)(&pthread_create))[argc];
#else
  (void)argc;
  return 0;
#endif
}

Determining if the function pthread_create exists in the pthreads failed with the following output:
Change Dir: /home/mech-user/pp8_ws/build/pp8_msgs/CMakeFiles/CMakeTmp

Run Build Command:"/usr/bin/make" "cmTC_de4e7/fast"
/usr/bin/make -f CMakeFiles/cmTC_de4e7.dir/build.make CMakeFiles/cmTC_de4e7.dir/build
make[1]: ディレクトリ '/home/mech-user/pp8_ws/build/pp8_msgs/CMakeFiles/CMakeTmp' に入ります
Building C object CMakeFiles/cmTC_de4e7.dir/CheckFunctionExists.c.o
/usr/bin/cc   -DCHECK_FUNCTION_EXISTS=pthread_create   -o CMakeFiles/cmTC_de4e7.dir/CheckFunctionExists.c.o   -c /usr/share/cmake-3.10/Modules/CheckFunctionExists.c
Linking C executable cmTC_de4e7
/usr/bin/cmake -E cmake_link_script CMakeFiles/cmTC_de4e7.dir/link.txt --verbose=1
/usr/bin/cc  -DCHECK_FUNCTION_EXISTS=pthread_create    -rdynamic CMakeFiles/cmTC_de4e7.dir/CheckFunctionExists.c.o  -o cmTC_de4e7 -lpthreads 
/usr/bin/ld: -lpthreads が見つかりません
collect2: error: ld returned 1 exit status
CMakeFiles/cmTC_de4e7.dir/build.make:97: recipe for target 'cmTC_de4e7' failed
make[1]: *** [cmTC_de4e7] Error 1
make[1]: ディレクトリ '/home/mech-user/pp8_ws/build/pp8_msgs/CMakeFiles/CMakeTmp' から出ます
Makefile:126: recipe for target 'cmTC_de4e7/fast' failed
make: *** [cmTC_de4e7/fast] Error 2


