[35m[1mScanning dependencies of target _pp8_msgs_generate_messages_check_deps_DualShock4State[0m
[  0%] Built target std_msgs_generate_messages_nodejs
[  0%] Built target std_msgs_generate_messages_py
[  0%] Built target geometry_msgs_generate_messages_py
[  0%] Built target sensor_msgs_generate_messages_py
[  0%] Built target geometry_msgs_generate_messages_nodejs
[  0%] Built target sensor_msgs_generate_messages_nodejs
[  0%] Built target _pp8_msgs_generate_messages_check_deps_DualShock4JoyStickState
[  0%] Built target _pp8_msgs_generate_messages_check_deps_DualShock4HatState
[  0%] Built target _pp8_msgs_generate_messages_check_deps_DualShock4State
[  0%] Built target sensor_msgs_generate_messages_lisp
[  0%] Built target _pp8_msgs_generate_messages_check_deps_DualShock4ButtonState
[  0%] Built target std_msgs_generate_messages_lisp
[  0%] Built target sensor_msgs_generate_messages_eus
[  0%] Built target geometry_msgs_generate_messages_lisp
[  0%] Built target geometry_msgs_generate_messages_eus
[  0%] Built target sensor_msgs_generate_messages_cpp
[  0%] Built target std_msgs_generate_messages_eus
[  0%] Built target std_msgs_generate_messages_cpp
[  4%] [34m[1mGenerating Python from MSG pp8_msgs/DualShock4State[0m
[  4%] Built target geometry_msgs_generate_messages_cpp
[  9%] [34m[1mGenerating Javascript code from pp8_msgs/DualShock4State.msg[0m
[ 13%] [34m[1mGenerating Lisp code from pp8_msgs/DualShock4State.msg[0m
[ 18%] [34m[1mGenerating EusLisp code from pp8_msgs/DualShock4State.msg[0m
[ 22%] [34m[1mGenerating C++ code from pp8_msgs/DualShock4State.msg[0m
[ 36%] Built target pp8_msgs_generate_messages_lisp
[ 50%] Built target pp8_msgs_generate_messages_nodejs
[ 68%] Built target pp8_msgs_generate_messages_eus
[ 81%] Built target pp8_msgs_generate_messages_cpp
[ 86%] [34m[1mGenerating Python msg __init__.py for pp8_msgs[0m
[100%] Built target pp8_msgs_generate_messages_py
[100%] Built target pp8_msgs_generate_messages
