[  0%] Built target sensor_msgs_generate_messages_py
[  0%] Built target std_msgs_generate_messages_py
[  0%] Built target geometry_msgs_generate_messages_py
[  0%] Built target geometry_msgs_generate_messages_nodejs
[  0%] Built target std_msgs_generate_messages_nodejs
[  0%] Built target _pp8_msgs_generate_messages_check_deps_DualShock4State
[  0%] Built target _pp8_msgs_generate_messages_check_deps_DualShock4HatState
[  0%] Built target _pp8_msgs_generate_messages_check_deps_DualShock4ButtonState
[  0%] Built target _pp8_msgs_generate_messages_check_deps_DualShock4JoyStickState
[  0%] Built target sensor_msgs_generate_messages_nodejs
[  0%] Built target sensor_msgs_generate_messages_lisp
[  0%] Built target std_msgs_generate_messages_lisp
[  0%] Built target std_msgs_generate_messages_eus
[  0%] Built target geometry_msgs_generate_messages_lisp
[  0%] Built target sensor_msgs_generate_messages_eus
[  0%] Built target geometry_msgs_generate_messages_eus
[  0%] Built target sensor_msgs_generate_messages_cpp
[  0%] Built target geometry_msgs_generate_messages_cpp
[  0%] Built target std_msgs_generate_messages_cpp
[ 36%] Built target pp8_msgs_generate_messages_nodejs
[ 36%] Built target pp8_msgs_generate_messages_lisp
[ 59%] Built target pp8_msgs_generate_messages_py
[ 81%] Built target pp8_msgs_generate_messages_eus
[100%] Built target pp8_msgs_generate_messages_cpp
[100%] Built target pp8_msgs_generate_messages
