[35m[1mScanning dependencies of target _pp8_msgs_generate_messages_check_deps_DualShock4ButtonState[0m
[35m[1mScanning dependencies of target _pp8_msgs_generate_messages_check_deps_DualShock4HatState[0m
[35m[1mScanning dependencies of target geometry_msgs_generate_messages_py[0m
[35m[1mScanning dependencies of target sensor_msgs_generate_messages_py[0m
[35m[1mScanning dependencies of target _pp8_msgs_generate_messages_check_deps_DualShock4JoyStickState[0m
[35m[1mScanning dependencies of target std_msgs_generate_messages_py[0m
[35m[1mScanning dependencies of target std_msgs_generate_messages_nodejs[0m
[35m[1mScanning dependencies of target geometry_msgs_generate_messages_nodejs[0m
[  0%] Built target geometry_msgs_generate_messages_py
[  0%] Built target sensor_msgs_generate_messages_py
[  0%] Built target std_msgs_generate_messages_nodejs
[  0%] Built target std_msgs_generate_messages_py
[  0%] Built target geometry_msgs_generate_messages_nodejs
[35m[1mScanning dependencies of target sensor_msgs_generate_messages_lisp[0m
[35m[1mScanning dependencies of target geometry_msgs_generate_messages_lisp[0m
[35m[1mScanning dependencies of target std_msgs_generate_messages_lisp[0m
[35m[1mScanning dependencies of target sensor_msgs_generate_messages_nodejs[0m
[35m[1mScanning dependencies of target sensor_msgs_generate_messages_eus[0m
[  0%] Built target sensor_msgs_generate_messages_lisp
[  0%] Built target geometry_msgs_generate_messages_lisp
[  0%] Built target std_msgs_generate_messages_lisp
[  0%] Built target _pp8_msgs_generate_messages_check_deps_DualShock4JoyStickState
[  0%] Built target _pp8_msgs_generate_messages_check_deps_DualShock4HatState
[  0%] Built target _pp8_msgs_generate_messages_check_deps_DualShock4ButtonState
[  0%] Built target sensor_msgs_generate_messages_nodejs
[35m[1mScanning dependencies of target std_msgs_generate_messages_eus[0m
[35m[1mScanning dependencies of target geometry_msgs_generate_messages_eus[0m
[  0%] Built target sensor_msgs_generate_messages_eus
[35m[1mScanning dependencies of target sensor_msgs_generate_messages_cpp[0m
[35m[1mScanning dependencies of target std_msgs_generate_messages_cpp[0m
[35m[1mScanning dependencies of target pp8_msgs_generate_messages_py[0m
[  0%] Built target std_msgs_generate_messages_eus
[35m[1mScanning dependencies of target pp8_msgs_generate_messages_lisp[0m
[35m[1mScanning dependencies of target geometry_msgs_generate_messages_cpp[0m
[  0%] Built target geometry_msgs_generate_messages_eus
[35m[1mScanning dependencies of target pp8_msgs_generate_messages_nodejs[0m
[  0%] Built target sensor_msgs_generate_messages_cpp
[  0%] Built target std_msgs_generate_messages_cpp
[  5%] [34m[1mGenerating Python from MSG pp8_msgs/DualShock4JoyStickState[0m
[ 11%] [34m[1mGenerating Lisp code from pp8_msgs/DualShock4JoyStickState.msg[0m
[ 11%] Built target geometry_msgs_generate_messages_cpp
[ 17%] [34m[1mGenerating Python from MSG pp8_msgs/DualShock4HatState[0m
[35m[1mScanning dependencies of target pp8_msgs_generate_messages_eus[0m
[ 23%] [34m[1mGenerating Python from MSG pp8_msgs/DualShock4ButtonState[0m
[ 29%] [34m[1mGenerating Javascript code from pp8_msgs/DualShock4JoyStickState.msg[0m
[ 35%] [34m[1mGenerating Lisp code from pp8_msgs/DualShock4ButtonState.msg[0m
[ 41%] [34m[1mGenerating Lisp code from pp8_msgs/DualShock4HatState.msg[0m
[ 47%] [34m[1mGenerating EusLisp code from pp8_msgs/DualShock4JoyStickState.msg[0m
[ 52%] [34m[1mGenerating Javascript code from pp8_msgs/DualShock4HatState.msg[0m
[35m[1mScanning dependencies of target pp8_msgs_generate_messages_cpp[0m
[ 58%] [34m[1mGenerating EusLisp code from pp8_msgs/DualShock4HatState.msg[0m
[ 58%] Built target pp8_msgs_generate_messages_lisp
[ 64%] [34m[1mGenerating C++ code from pp8_msgs/DualShock4JoyStickState.msg[0m
[ 70%] [34m[1mGenerating EusLisp code from pp8_msgs/DualShock4ButtonState.msg[0m
[ 76%] [34m[1mGenerating Javascript code from pp8_msgs/DualShock4ButtonState.msg[0m
[ 82%] [34m[1mGenerating EusLisp manifest code for pp8_msgs[0m
[ 88%] [34m[1mGenerating C++ code from pp8_msgs/DualShock4ButtonState.msg[0m
[ 94%] [34m[1mGenerating C++ code from pp8_msgs/DualShock4HatState.msg[0m
[100%] [34m[1mGenerating Python msg __init__.py for pp8_msgs[0m
[100%] Built target pp8_msgs_generate_messages_nodejs
[100%] Built target pp8_msgs_generate_messages_cpp
[100%] Built target pp8_msgs_generate_messages_py
[100%] Built target pp8_msgs_generate_messages_eus
[35m[1mScanning dependencies of target pp8_msgs_generate_messages[0m
[100%] Built target pp8_msgs_generate_messages
